2026-06-07 13:09:13,422 [INFO] ==================================================
2026-06-07 13:09:13,423 [INFO] ЗАСТАВА запущена: 2026-06-07 13:09:13
2026-06-07 13:09:13,423 [INFO] Python: 3.13.2 (tags/v3.13.2:4f8bb39, Feb  4 2025, 15:23:48) [MSC v.1942 64 bit (AMD64)]
2026-06-07 13:09:13,424 [INFO] Все файлы на месте ✓
2026-06-07 13:09:13,468 [INFO] Запуск игры...
2026-06-07 13:10:13,314 [INFO] Выход из меню
2026-06-07 13:10:13,314 [INFO] Игра завершена
2026-06-07 13:20:02,040 [INFO] ==================================================
2026-06-07 13:20:02,040 [INFO] ЗАСТАВА запущена: 2026-06-07 13:20:02
2026-06-07 13:20:02,040 [INFO] Python: 3.13.2 (tags/v3.13.2:4f8bb39, Feb  4 2025, 15:23:48) [MSC v.1942 64 bit (AMD64)]
2026-06-07 13:20:02,042 [INFO] Все файлы на месте ✓
2026-06-07 13:20:02,084 [INFO] Запуск игры...
2026-06-07 13:21:18,105 [INFO] Выход из меню
2026-06-07 13:21:18,105 [INFO] Игра завершена
2026-06-07 13:21:27,619 [INFO] ==================================================
2026-06-07 13:21:27,619 [INFO] ЗАСТАВА запущена: 2026-06-07 13:21:27
2026-06-07 13:21:27,619 [INFO] Python: 3.13.2 (tags/v3.13.2:4f8bb39, Feb  4 2025, 15:23:48) [MSC v.1942 64 bit (AMD64)]
2026-06-07 13:21:27,620 [INFO] Все файлы на месте ✓
2026-06-07 13:21:27,645 [INFO] Запуск игры...
2026-06-07 13:24:35,793 [INFO] Выход из меню
2026-06-07 13:24:35,793 [INFO] Игра завершена
2026-06-07 13:24:42,665 [INFO] ==================================================
2026-06-07 13:24:42,665 [INFO] ЗАСТАВА запущена: 2026-06-07 13:24:42
2026-06-07 13:24:42,666 [INFO] Python: 3.13.2 (tags/v3.13.2:4f8bb39, Feb  4 2025, 15:23:48) [MSC v.1942 64 bit (AMD64)]
2026-06-07 13:24:42,666 [INFO] Все файлы на месте ✓
2026-06-07 13:24:42,691 [INFO] Запуск игры...
2026-06-07 13:26:12,342 [INFO] Выход из меню
2026-06-07 13:26:12,343 [INFO] Игра завершена
2026-06-07 13:26:24,211 [INFO] ==================================================
2026-06-07 13:26:24,211 [INFO] ЗАСТАВА запущена: 2026-06-07 13:26:24
2026-06-07 13:26:24,211 [INFO] Python: 3.13.2 (tags/v3.13.2:4f8bb39, Feb  4 2025, 15:23:48) [MSC v.1942 64 bit (AMD64)]
2026-06-07 13:26:24,212 [INFO] Все файлы на месте ✓
2026-06-07 13:26:24,235 [INFO] Запуск игры...
2026-06-07 13:27:54,758 [INFO] Выход из меню
2026-06-07 13:27:54,759 [INFO] Игра завершена
2026-06-07 13:30:39,140 [INFO] ==================================================
2026-06-07 13:30:39,141 [INFO] ЗАСТАВА запущена: 2026-06-07 13:30:39
2026-06-07 13:30:39,141 [INFO] Python: 3.13.2 (tags/v3.13.2:4f8bb39, Feb  4 2025, 15:23:48) [MSC v.1942 64 bit (AMD64)]
2026-06-07 13:30:39,142 [INFO] Все файлы на месте ✓
2026-06-07 13:30:39,165 [INFO] Запуск игры...
2026-06-07 13:35:25,501 [INFO] ==================================================
2026-06-07 13:35:25,502 [INFO] ЗАСТАВА запущена: 2026-06-07 13:35:25
2026-06-07 13:35:25,502 [INFO] Python: 3.13.2 (tags/v3.13.2:4f8bb39, Feb  4 2025, 15:23:48) [MSC v.1942 64 bit (AMD64)]
2026-06-07 13:35:25,502 [INFO] Все файлы на месте ✓
2026-06-07 13:35:25,528 [INFO] Запуск игры...
2026-06-07 13:37:17,729 [INFO] Выход из меню
2026-06-07 13:37:17,729 [INFO] Игра завершена
2026-06-07 13:37:26,097 [INFO] ==================================================
2026-06-07 13:37:26,098 [INFO] ЗАСТАВА запущена: 2026-06-07 13:37:26
2026-06-07 13:37:26,098 [INFO] Python: 3.13.2 (tags/v3.13.2:4f8bb39, Feb  4 2025, 15:23:48) [MSC v.1942 64 bit (AMD64)]
2026-06-07 13:37:26,099 [INFO] Все файлы на месте ✓
2026-06-07 13:37:26,124 [INFO] Запуск игры...
2026-06-07 13:37:30,577 [INFO] Выход из меню
2026-06-07 13:37:30,577 [INFO] Игра завершена
2026-06-07 13:37:34,382 [INFO] ==================================================
2026-06-07 13:37:34,383 [INFO] ЗАСТАВА запущена: 2026-06-07 13:37:34
2026-06-07 13:37:34,383 [INFO] Python: 3.13.2 (tags/v3.13.2:4f8bb39, Feb  4 2025, 15:23:48) [MSC v.1942 64 bit (AMD64)]
2026-06-07 13:37:34,383 [INFO] Все файлы на месте ✓
2026-06-07 13:37:34,395 [INFO] Запуск игры...
2026-06-07 13:37:36,481 [INFO] Выход из меню
2026-06-07 13:37:36,481 [INFO] Игра завершена
2026-06-07 13:37:46,240 [INFO] ==================================================
2026-06-07 13:37:46,240 [INFO] ЗАСТАВА запущена: 2026-06-07 13:37:46
2026-06-07 13:37:46,240 [INFO] Python: 3.13.2 (tags/v3.13.2:4f8bb39, Feb  4 2025, 15:23:48) [MSC v.1942 64 bit (AMD64)]
2026-06-07 13:37:46,241 [INFO] Все файлы на месте ✓
2026-06-07 13:37:46,266 [INFO] Запуск игры...
2026-06-07 13:37:53,569 [INFO] Выход из меню
2026-06-07 13:37:53,569 [INFO] Игра завершена
2026-06-07 13:38:12,765 [INFO] ==================================================
2026-06-07 13:38:12,766 [INFO] ЗАСТАВА запущена: 2026-06-07 13:38:12
2026-06-07 13:38:12,766 [INFO] Python: 3.13.2 (tags/v3.13.2:4f8bb39, Feb  4 2025, 15:23:48) [MSC v.1942 64 bit (AMD64)]
2026-06-07 13:38:12,767 [INFO] Все файлы на месте ✓
2026-06-07 13:38:12,791 [INFO] Запуск игры...
2026-06-07 13:38:14,417 [INFO] Выход из меню
2026-06-07 13:38:14,417 [INFO] Игра завершена
2026-06-07 13:38:30,096 [INFO] ==================================================
2026-06-07 13:38:30,096 [INFO] ЗАСТАВА запущена: 2026-06-07 13:38:30
2026-06-07 13:38:30,096 [INFO] Python: 3.13.2 (tags/v3.13.2:4f8bb39, Feb  4 2025, 15:23:48) [MSC v.1942 64 bit (AMD64)]
2026-06-07 13:38:30,097 [INFO] Все файлы на месте ✓
2026-06-07 13:38:30,122 [INFO] Запуск игры...
2026-06-07 13:48:47,169 [INFO] Выход из меню
2026-06-07 13:48:47,169 [INFO] Игра завершена
2026-06-07 13:48:53,199 [INFO] ==================================================
2026-06-07 13:48:53,199 [INFO] ЗАСТАВА запущена: 2026-06-07 13:48:53
2026-06-07 13:48:53,199 [INFO] Python: 3.13.2 (tags/v3.13.2:4f8bb39, Feb  4 2025, 15:23:48) [MSC v.1942 64 bit (AMD64)]
2026-06-07 13:48:53,200 [INFO] Все файлы на месте ✓
2026-06-07 13:48:53,223 [INFO] Запуск игры...
2026-06-07 13:52:55,410 [INFO] Выход из меню
2026-06-07 13:52:55,411 [INFO] Игра завершена
2026-06-07 13:53:05,143 [INFO] ==================================================
2026-06-07 13:53:05,143 [INFO] ЗАСТАВА запущена: 2026-06-07 13:53:05
2026-06-07 13:53:05,143 [INFO] Python: 3.13.2 (tags/v3.13.2:4f8bb39, Feb  4 2025, 15:23:48) [MSC v.1942 64 bit (AMD64)]
2026-06-07 13:53:05,144 [INFO] Все файлы на месте ✓
2026-06-07 13:53:05,175 [INFO] Запуск игры...
2026-06-07 13:55:29,070 [INFO] ==================================================
2026-06-07 13:55:29,071 [INFO] ЗАСТАВА запущена: 2026-06-07 13:55:29
2026-06-07 13:55:29,071 [INFO] Python: 3.13.2 (tags/v3.13.2:4f8bb39, Feb  4 2025, 15:23:48) [MSC v.1942 64 bit (AMD64)]
2026-06-07 13:55:29,071 [INFO] Все файлы на месте ✓
2026-06-07 13:55:29,097 [INFO] Запуск игры...
2026-06-07 13:56:24,785 [INFO] Выход из меню
2026-06-07 13:56:24,785 [INFO] Игра завершена
2026-06-07 13:56:29,595 [INFO] ==================================================
2026-06-07 13:56:29,595 [INFO] ЗАСТАВА запущена: 2026-06-07 13:56:29
2026-06-07 13:56:29,595 [INFO] Python: 3.13.2 (tags/v3.13.2:4f8bb39, Feb  4 2025, 15:23:48) [MSC v.1942 64 bit (AMD64)]
2026-06-07 13:56:29,596 [INFO] Все файлы на месте ✓
2026-06-07 13:56:29,622 [INFO] Запуск игры...
2026-06-07 13:57:45,121 [INFO] Выход из меню
2026-06-07 13:57:45,122 [INFO] Игра завершена
2026-06-07 14:06:07,463 [INFO] ==================================================
2026-06-07 14:06:07,463 [INFO] ЗАСТАВА запущена: 2026-06-07 14:06:07
2026-06-07 14:06:07,463 [INFO] Python: 3.13.2 (tags/v3.13.2:4f8bb39, Feb  4 2025, 15:23:48) [MSC v.1942 64 bit (AMD64)]
2026-06-07 14:06:07,464 [INFO] Все файлы на месте ✓
2026-06-07 14:06:07,493 [INFO] Запуск игры...
2026-06-07 14:06:10,661 [INFO] Выход из меню
2026-06-07 14:06:10,661 [INFO] Игра завершена
2026-06-07 14:07:55,188 [INFO] ==================================================
2026-06-07 14:07:55,188 [INFO] ЗАСТАВА запущена: 2026-06-07 14:07:55
2026-06-07 14:07:55,188 [INFO] Python: 3.13.2 (tags/v3.13.2:4f8bb39, Feb  4 2025, 15:23:48) [MSC v.1942 64 bit (AMD64)]
2026-06-07 14:07:55,190 [INFO] Все файлы на месте ✓
2026-06-07 14:07:55,220 [INFO] Запуск игры...
2026-06-07 14:08:00,677 [INFO] Запуск игры с параметрами: {'seed': 508908, 'width': 300, 'height': 200, 'mountains': 'medium', 'forests': 'high', 'rivers': 'medium', 'lakes': 'high', 'sea': None, 'sea_size': 0.3, 'resources': 'rich'}
2026-06-07 14:08:00,677 [INFO] Инициализация Pygame...
2026-06-07 14:08:00,681 [INFO] Создание карты...
2026-06-07 14:08:01,421 [INFO] Инициализация ресурсов...
2026-06-07 14:08:01,423 [INFO] Инициализация завершена успешно
2026-06-07 14:08:01,423 [INFO] Главный цикл запущен
2026-06-07 14:08:08,665 [INFO] Выход из главного цикла
2026-06-07 14:08:08,770 [INFO] Игра завершена
2026-06-07 14:08:13,694 [INFO] ==================================================
2026-06-07 14:08:13,695 [INFO] ЗАСТАВА запущена: 2026-06-07 14:08:13
2026-06-07 14:08:13,695 [INFO] Python: 3.13.2 (tags/v3.13.2:4f8bb39, Feb  4 2025, 15:23:48) [MSC v.1942 64 bit (AMD64)]
2026-06-07 14:08:13,695 [INFO] Все файлы на месте ✓
2026-06-07 14:08:13,710 [INFO] Запуск игры...
2026-06-07 14:09:17,237 [INFO] Запуск игры с параметрами: {'seed': 466091, 'width': 300, 'height': 200, 'mountains': 'high', 'forests': 'high', 'rivers': 'low', 'lakes': 'medium', 'sea': None, 'sea_size': 0.3, 'resources': 'rich'}
2026-06-07 14:09:17,238 [INFO] Инициализация Pygame...
2026-06-07 14:09:17,243 [INFO] Создание карты...
2026-06-07 14:09:18,006 [INFO] Инициализация ресурсов...
2026-06-07 14:09:18,008 [INFO] Инициализация завершена успешно
2026-06-07 14:09:18,008 [INFO] Главный цикл запущен
2026-06-07 14:09:28,746 [INFO] Генерация новой карты
2026-06-07 14:09:31,533 [INFO] Генерация новой карты
2026-06-07 14:09:32,963 [INFO] Генерация новой карты
2026-06-07 14:09:34,208 [INFO] Генерация новой карты
2026-06-07 14:09:35,172 [INFO] Генерация новой карты
2026-06-07 14:10:15,273 [INFO] Генерация новой карты
2026-06-07 14:10:16,323 [INFO] Генерация новой карты
2026-06-07 14:10:17,970 [INFO] Выход из главного цикла
2026-06-07 14:10:18,156 [INFO] Игра завершена
2026-06-07 14:10:21,812 [INFO] ==================================================
2026-06-07 14:10:21,813 [INFO] ЗАСТАВА запущена: 2026-06-07 14:10:21
2026-06-07 14:10:21,813 [INFO] Python: 3.13.2 (tags/v3.13.2:4f8bb39, Feb  4 2025, 15:23:48) [MSC v.1942 64 bit (AMD64)]
2026-06-07 14:10:21,814 [INFO] Все файлы на месте ✓
2026-06-07 14:10:21,827 [INFO] Запуск игры...
2026-06-07 14:13:44,774 [INFO] ==================================================
2026-06-07 14:13:44,774 [INFO] ЗАСТАВА запущена: 2026-06-07 14:13:44
2026-06-07 14:13:44,774 [INFO] Python: 3.13.2 (tags/v3.13.2:4f8bb39, Feb  4 2025, 15:23:48) [MSC v.1942 64 bit (AMD64)]
2026-06-07 14:13:44,775 [INFO] Все файлы на месте ✓
2026-06-07 14:13:44,799 [INFO] Запуск игры...
2026-06-07 14:15:27,810 [INFO] ==================================================
2026-06-07 14:15:27,810 [INFO] ЗАСТАВА запущена: 2026-06-07 14:15:27
2026-06-07 14:15:27,810 [INFO] Python: 3.13.2 (tags/v3.13.2:4f8bb39, Feb  4 2025, 15:23:48) [MSC v.1942 64 bit (AMD64)]
2026-06-07 14:15:27,811 [INFO] Все файлы на месте ✓
2026-06-07 14:15:27,835 [INFO] Запуск игры...
2026-06-07 14:16:59,957 [INFO] ==================================================
2026-06-07 14:16:59,957 [INFO] ЗАСТАВА запущена: 2026-06-07 14:16:59
2026-06-07 14:16:59,958 [INFO] Python: 3.13.2 (tags/v3.13.2:4f8bb39, Feb  4 2025, 15:23:48) [MSC v.1942 64 bit (AMD64)]
2026-06-07 14:16:59,958 [INFO] Все файлы на месте ✓
2026-06-07 14:16:59,982 [INFO] Запуск игры...
2026-06-07 14:17:32,592 [INFO] Запуск игры с параметрами: {'seed': 649608, 'width': 300, 'height': 200, 'mountains': 'low', 'forests': 'high', 'rivers': 'medium', 'lakes': 'low', 'sea': 'east', 'sea_size': 0.23035737069950024, 'resources': 'poor'}
2026-06-07 14:17:32,592 [INFO] Инициализация Pygame...
2026-06-07 14:17:32,598 [INFO] Создание карты...
2026-06-07 14:17:33,195 [INFO] Инициализация ресурсов...
2026-06-07 14:17:33,197 [INFO] Инициализация завершена успешно
2026-06-07 14:17:33,197 [INFO] Главный цикл запущен
2026-06-07 14:17:35,485 [INFO] Генерация новой карты
2026-06-07 14:17:36,404 [INFO] Генерация новой карты
2026-06-07 14:17:37,150 [INFO] Генерация новой карты
2026-06-07 14:17:38,212 [INFO] Генерация новой карты
2026-06-07 14:17:39,136 [INFO] Генерация новой карты
2026-06-07 14:17:40,252 [INFO] Выход из главного цикла
2026-06-07 14:17:40,348 [INFO] Игра завершена
2026-06-07 14:17:44,841 [INFO] ==================================================
2026-06-07 14:17:44,842 [INFO] ЗАСТАВА запущена: 2026-06-07 14:17:44
2026-06-07 14:17:44,842 [INFO] Python: 3.13.2 (tags/v3.13.2:4f8bb39, Feb  4 2025, 15:23:48) [MSC v.1942 64 bit (AMD64)]
2026-06-07 14:17:44,843 [INFO] Все файлы на месте ✓
2026-06-07 14:17:44,856 [INFO] Запуск игры...
2026-06-07 14:23:39,490 [INFO] ==================================================
2026-06-07 14:23:39,490 [INFO] ЗАСТАВА запущена: 2026-06-07 14:23:39
2026-06-07 14:23:39,490 [INFO] Python: 3.13.2 (tags/v3.13.2:4f8bb39, Feb  4 2025, 15:23:48) [MSC v.1942 64 bit (AMD64)]
2026-06-07 14:23:39,491 [INFO] Все файлы на месте ✓
2026-06-07 14:23:39,520 [INFO] Запуск игры...
2026-06-07 14:24:05,785 [INFO] Запуск игры с параметрами: {'seed': 524896, 'width': 300, 'height': 200, 'mountains': 'low', 'forests': 'medium', 'rivers': 'low', 'lakes': 'medium', 'sea': 'east', 'sea_size': 0.3, 'resources': 'medium'}
2026-06-07 14:24:05,785 [INFO] Инициализация Pygame...
2026-06-07 14:24:05,789 [INFO] Создание карты...
2026-06-07 14:24:06,321 [INFO] Инициализация ресурсов...
2026-06-07 14:24:06,323 [INFO] Инициализация завершена успешно
2026-06-07 14:24:06,323 [INFO] Главный цикл запущен
2026-06-07 14:24:07,872 [INFO] Выход из главного цикла
2026-06-07 14:24:07,948 [INFO] Игра завершена
2026-06-08 16:57:53,582 [INFO] ==================================================
2026-06-08 16:57:53,597 [INFO] ЗАСТАВА запущена: 2026-06-08 16:57:53
2026-06-08 16:57:53,598 [INFO] Python: 3.13.2 (tags/v3.13.2:4f8bb39, Feb  4 2025, 15:23:48) [MSC v.1942 64 bit (AMD64)]
2026-06-08 16:57:53,598 [INFO] Все файлы на месте ✓
2026-06-08 16:57:53,681 [ERROR] Ошибка импорта: cannot import name 'UI' from 'ui' (D:\Zastava\ui\__init__.py)
2026-06-08 17:05:40,903 [INFO] ==================================================
2026-06-08 17:05:40,903 [INFO] ЗАСТАВА запущена: 2026-06-08 17:05:40
2026-06-08 17:05:40,904 [INFO] Python: 3.13.2 (tags/v3.13.2:4f8bb39, Feb  4 2025, 15:23:48) [MSC v.1942 64 bit (AMD64)]
2026-06-08 17:05:40,907 [ERROR] Отсутствуют файлы: ['ui.py']
2026-06-08 17:06:29,807 [INFO] ==================================================
2026-06-08 17:06:29,807 [INFO] ЗАСТАВА запущена: 2026-06-08 17:06:29
2026-06-08 17:06:29,808 [INFO] Python: 3.13.2 (tags/v3.13.2:4f8bb39, Feb  4 2025, 15:23:48) [MSC v.1942 64 bit (AMD64)]
2026-06-08 17:06:29,809 [ERROR] Отсутствуют файлы: ['ui.py']
2026-06-08 17:09:13,959 [INFO] ==================================================
2026-06-08 17:09:13,959 [INFO] ЗАСТАВА запущена: 2026-06-08 17:09:13
2026-06-08 17:09:13,959 [INFO] Python: 3.13.2 (tags/v3.13.2:4f8bb39, Feb  4 2025, 15:23:48) [MSC v.1942 64 bit (AMD64)]
2026-06-08 17:09:13,960 [INFO] Все файлы на месте ✓
2026-06-08 17:09:13,981 [INFO] Запуск игры...
2026-06-08 17:09:14,095 [CRITICAL] Критическая ошибка: name 'SCREEN_WIDTH' is not defined
Traceback (most recent call last):
  File "D:\Zastava\main.py", line 27, in <module>
    screen = pygame.display.set_mode((SCREEN_WIDTH, SCREEN_HEIGHT))
                                      ^^^^^^^^^^^^
NameError: name 'SCREEN_WIDTH' is not defined
2026-06-08 17:09:14,157 [INFO] Игра завершена
2026-06-08 17:10:41,725 [INFO] ==================================================
2026-06-08 17:10:41,725 [INFO] ЗАСТАВА запущена: 2026-06-08 17:10:41
2026-06-08 17:10:41,726 [INFO] Python: 3.13.2 (tags/v3.13.2:4f8bb39, Feb  4 2025, 15:23:48) [MSC v.1942 64 bit (AMD64)]
2026-06-08 17:10:41,727 [INFO] Все файлы на месте ✓
2026-06-08 17:10:41,748 [INFO] Запуск игры...
2026-06-08 17:11:18,237 [INFO] Выход без выбора региона
2026-06-08 17:11:18,237 [INFO] Игра завершена
2026-06-08 17:11:21,468 [INFO] ==================================================
2026-06-08 17:11:21,468 [INFO] ЗАСТАВА запущена: 2026-06-08 17:11:21
2026-06-08 17:11:21,468 [INFO] Python: 3.13.2 (tags/v3.13.2:4f8bb39, Feb  4 2025, 15:23:48) [MSC v.1942 64 bit (AMD64)]
2026-06-08 17:11:21,469 [INFO] Все файлы на месте ✓
2026-06-08 17:11:21,486 [INFO] Запуск игры...
2026-06-08 17:11:24,325 [INFO] Выход без выбора региона
2026-06-08 17:11:24,325 [INFO] Игра завершена
2026-06-08 17:11:26,584 [INFO] ==================================================
2026-06-08 17:11:26,585 [INFO] ЗАСТАВА запущена: 2026-06-08 17:11:26
2026-06-08 17:11:26,585 [INFO] Python: 3.13.2 (tags/v3.13.2:4f8bb39, Feb  4 2025, 15:23:48) [MSC v.1942 64 bit (AMD64)]
2026-06-08 17:11:26,586 [INFO] Все файлы на месте ✓
2026-06-08 17:11:26,601 [INFO] Запуск игры...
2026-06-08 17:11:32,125 [INFO] Выход без выбора региона
2026-06-08 17:11:32,125 [INFO] Игра завершена
2026-06-08 17:11:34,798 [INFO] ==================================================
2026-06-08 17:11:34,798 [INFO] ЗАСТАВА запущена: 2026-06-08 17:11:34
2026-06-08 17:11:34,798 [INFO] Python: 3.13.2 (tags/v3.13.2:4f8bb39, Feb  4 2025, 15:23:48) [MSC v.1942 64 bit (AMD64)]
2026-06-08 17:11:34,799 [INFO] Все файлы на месте ✓
2026-06-08 17:11:34,815 [INFO] Запуск игры...
2026-06-08 17:11:38,741 [INFO] Выход без выбора региона
2026-06-08 17:11:38,741 [INFO] Игра завершена
2026-06-08 17:11:40,915 [INFO] ==================================================
2026-06-08 17:11:40,916 [INFO] ЗАСТАВА запущена: 2026-06-08 17:11:40
2026-06-08 17:11:40,916 [INFO] Python: 3.13.2 (tags/v3.13.2:4f8bb39, Feb  4 2025, 15:23:48) [MSC v.1942 64 bit (AMD64)]
2026-06-08 17:11:40,917 [INFO] Все файлы на месте ✓
2026-06-08 17:11:40,932 [INFO] Запуск игры...
2026-06-08 17:13:20,466 [INFO] Выбран регион: (47, 60)
2026-06-08 17:13:20,466 [INFO] Инициализация Pygame...
2026-06-08 17:13:20,472 [INFO] Создание карты...
2026-06-08 17:13:21,291 [INFO] Инициализация ресурсов...
2026-06-08 17:13:21,292 [INFO] Инициализация завершена успешно
2026-06-08 17:13:21,293 [INFO] Главный цикл запущен
2026-06-08 17:13:54,172 [INFO] Строительство: Лесопилка построен!
2026-06-08 17:13:56,414 [INFO] Строительство: Не хватает доски!
2026-06-08 17:13:56,950 [INFO] Строительство: Не хватает доски!
2026-06-08 17:13:57,799 [INFO] Строительство: Не хватает доски!
2026-06-08 17:13:58,032 [INFO] Строительство: Не хватает доски!
2026-06-08 17:13:58,234 [INFO] Строительство: Не хватает доски!
2026-06-08 17:13:58,440 [INFO] Строительство: Не хватает доски!
2026-06-08 17:14:03,335 [INFO] Выход из главного цикла
2026-06-08 17:14:03,521 [INFO] Игра завершена
2026-06-08 17:14:06,126 [INFO] ==================================================
2026-06-08 17:14:06,127 [INFO] ЗАСТАВА запущена: 2026-06-08 17:14:06
2026-06-08 17:14:06,127 [INFO] Python: 3.13.2 (tags/v3.13.2:4f8bb39, Feb  4 2025, 15:23:48) [MSC v.1942 64 bit (AMD64)]
2026-06-08 17:14:06,128 [INFO] Все файлы на месте ✓
2026-06-08 17:14:06,143 [INFO] Запуск игры...
2026-06-08 17:14:14,751 [INFO] Выбран регион: (17, 68)
2026-06-08 17:14:14,752 [INFO] Инициализация Pygame...
2026-06-08 17:14:14,757 [INFO] Создание карты...
2026-06-08 17:14:15,959 [INFO] Инициализация ресурсов...
2026-06-08 17:14:15,961 [INFO] Инициализация завершена успешно
2026-06-08 17:14:15,961 [INFO] Главный цикл запущен
2026-06-08 17:14:53,407 [INFO] Выход из главного цикла
2026-06-08 17:14:53,602 [INFO] Игра завершена
2026-06-08 17:14:56,763 [INFO] ==================================================
2026-06-08 17:14:56,764 [INFO] ЗАСТАВА запущена: 2026-06-08 17:14:56
2026-06-08 17:14:56,764 [INFO] Python: 3.13.2 (tags/v3.13.2:4f8bb39, Feb  4 2025, 15:23:48) [MSC v.1942 64 bit (AMD64)]
2026-06-08 17:14:56,765 [INFO] Все файлы на месте ✓
2026-06-08 17:14:56,780 [INFO] Запуск игры...
2026-06-08 17:15:52,669 [INFO] Выход без выбора региона
2026-06-08 17:15:52,670 [INFO] Игра завершена
2026-06-08 17:16:03,855 [INFO] ==================================================
2026-06-08 17:16:03,855 [INFO] ЗАСТАВА запущена: 2026-06-08 17:16:03
2026-06-08 17:16:03,855 [INFO] Python: 3.13.2 (tags/v3.13.2:4f8bb39, Feb  4 2025, 15:23:48) [MSC v.1942 64 bit (AMD64)]
2026-06-08 17:16:03,856 [INFO] Все файлы на месте ✓
2026-06-08 17:16:03,875 [INFO] Запуск игры...
2026-06-08 17:16:27,861 [INFO] Выход без выбора региона
2026-06-08 17:16:27,862 [INFO] Игра завершена
2026-06-08 17:16:31,880 [INFO] ==================================================
2026-06-08 17:16:31,880 [INFO] ЗАСТАВА запущена: 2026-06-08 17:16:31
2026-06-08 17:16:31,880 [INFO] Python: 3.13.2 (tags/v3.13.2:4f8bb39, Feb  4 2025, 15:23:48) [MSC v.1942 64 bit (AMD64)]
2026-06-08 17:16:31,881 [INFO] Все файлы на месте ✓
2026-06-08 17:16:31,897 [INFO] Запуск игры...
2026-06-08 17:16:33,981 [INFO] Выход без выбора региона
2026-06-08 17:16:33,982 [INFO] Игра завершена
2026-06-08 17:16:36,093 [INFO] ==================================================
2026-06-08 17:16:36,093 [INFO] ЗАСТАВА запущена: 2026-06-08 17:16:36
2026-06-08 17:16:36,094 [INFO] Python: 3.13.2 (tags/v3.13.2:4f8bb39, Feb  4 2025, 15:23:48) [MSC v.1942 64 bit (AMD64)]
2026-06-08 17:16:36,095 [INFO] Все файлы на месте ✓
2026-06-08 17:16:36,110 [INFO] Запуск игры...
2026-06-08 17:16:45,389 [INFO] Выход без выбора региона
2026-06-08 17:16:45,390 [INFO] Игра завершена
2026-06-08 17:17:18,103 [INFO] ==================================================
2026-06-08 17:17:18,103 [INFO] ЗАСТАВА запущена: 2026-06-08 17:17:18
2026-06-08 17:17:18,103 [INFO] Python: 3.13.2 (tags/v3.13.2:4f8bb39, Feb  4 2025, 15:23:48) [MSC v.1942 64 bit (AMD64)]
2026-06-08 17:17:18,104 [INFO] Все файлы на месте ✓
2026-06-08 17:17:18,119 [INFO] Запуск игры...
2026-06-08 17:17:24,869 [INFO] Выход без выбора региона
2026-06-08 17:17:24,870 [INFO] Игра завершена
2026-06-08 17:18:03,919 [INFO] ==================================================
2026-06-08 17:18:03,919 [INFO] ЗАСТАВА запущена: 2026-06-08 17:18:03
2026-06-08 17:18:03,919 [INFO] Python: 3.13.2 (tags/v3.13.2:4f8bb39, Feb  4 2025, 15:23:48) [MSC v.1942 64 bit (AMD64)]
2026-06-08 17:18:03,921 [INFO] Все файлы на месте ✓
2026-06-08 17:18:03,935 [INFO] Запуск игры...
2026-06-08 17:19:29,189 [INFO] Выход без выбора региона
2026-06-08 17:19:29,190 [INFO] Игра завершена
2026-06-08 17:19:31,507 [INFO] ==================================================
2026-06-08 17:19:31,507 [INFO] ЗАСТАВА запущена: 2026-06-08 17:19:31
2026-06-08 17:19:31,507 [INFO] Python: 3.13.2 (tags/v3.13.2:4f8bb39, Feb  4 2025, 15:23:48) [MSC v.1942 64 bit (AMD64)]
2026-06-08 17:19:31,508 [INFO] Все файлы на месте ✓
2026-06-08 17:19:31,524 [INFO] Запуск игры...
2026-06-08 17:34:33,839 [INFO] ==================================================
2026-06-08 17:34:33,840 [INFO] ЗАСТАВА запущена: 2026-06-08 17:34:33
2026-06-08 17:34:33,840 [INFO] Python: 3.13.2 (tags/v3.13.2:4f8bb39, Feb  4 2025, 15:23:48) [MSC v.1942 64 bit (AMD64)]
2026-06-08 17:34:33,841 [INFO] Все файлы на месте ✓
2026-06-08 17:34:33,956 [INFO] Запуск игры...
2026-06-08 17:34:39,190 [INFO] Выход без выбора региона
2026-06-08 17:34:39,190 [INFO] Игра завершена
2026-06-08 17:34:41,805 [INFO] ==================================================
2026-06-08 17:34:41,805 [INFO] ЗАСТАВА запущена: 2026-06-08 17:34:41
2026-06-08 17:34:41,805 [INFO] Python: 3.13.2 (tags/v3.13.2:4f8bb39, Feb  4 2025, 15:23:48) [MSC v.1942 64 bit (AMD64)]
2026-06-08 17:34:41,806 [INFO] Все файлы на месте ✓
2026-06-08 17:34:41,822 [INFO] Запуск игры...
2026-06-08 17:34:45,534 [INFO] Выход без выбора региона
2026-06-08 17:34:45,534 [INFO] Игра завершена
2026-06-08 17:34:46,944 [INFO] ==================================================
2026-06-08 17:34:46,945 [INFO] ЗАСТАВА запущена: 2026-06-08 17:34:46
2026-06-08 17:34:46,945 [INFO] Python: 3.13.2 (tags/v3.13.2:4f8bb39, Feb  4 2025, 15:23:48) [MSC v.1942 64 bit (AMD64)]
2026-06-08 17:34:46,946 [INFO] Все файлы на месте ✓
2026-06-08 17:34:46,962 [INFO] Запуск игры...
2026-06-08 17:34:51,070 [INFO] Выход без выбора региона
2026-06-08 17:34:51,070 [INFO] Игра завершена
2026-06-08 17:34:52,367 [INFO] ==================================================
2026-06-08 17:34:52,368 [INFO] ЗАСТАВА запущена: 2026-06-08 17:34:52
2026-06-08 17:34:52,368 [INFO] Python: 3.13.2 (tags/v3.13.2:4f8bb39, Feb  4 2025, 15:23:48) [MSC v.1942 64 bit (AMD64)]
2026-06-08 17:34:52,369 [INFO] Все файлы на месте ✓
2026-06-08 17:34:52,385 [INFO] Запуск игры...
2026-06-08 17:35:04,104 [INFO] Выбран регион: (107, 44)
2026-06-08 17:35:04,104 [INFO] Инициализация Pygame...
2026-06-08 17:35:04,109 [INFO] Создание карты...
2026-06-08 17:35:05,022 [INFO] Инициализация ресурсов...
2026-06-08 17:35:05,024 [INFO] Инициализация завершена успешно
2026-06-08 17:35:05,024 [INFO] Главный цикл запущен
2026-06-08 17:35:08,474 [INFO] Выход из главного цикла
2026-06-08 17:35:08,560 [INFO] Игра завершена
2026-06-08 17:36:11,717 [INFO] ==================================================
2026-06-08 17:36:11,717 [INFO] ЗАСТАВА запущена: 2026-06-08 17:36:11
2026-06-08 17:36:11,717 [INFO] Python: 3.13.2 (tags/v3.13.2:4f8bb39, Feb  4 2025, 15:23:48) [MSC v.1942 64 bit (AMD64)]
2026-06-08 17:36:11,718 [INFO] Все файлы на месте ✓
2026-06-08 17:36:11,743 [INFO] Запуск игры...
2026-06-08 17:36:21,382 [INFO] Выход без выбора региона
2026-06-08 17:36:21,382 [INFO] Игра завершена
2026-06-08 17:36:22,977 [INFO] ==================================================
2026-06-08 17:36:22,977 [INFO] ЗАСТАВА запущена: 2026-06-08 17:36:22
2026-06-08 17:36:22,977 [INFO] Python: 3.13.2 (tags/v3.13.2:4f8bb39, Feb  4 2025, 15:23:48) [MSC v.1942 64 bit (AMD64)]
2026-06-08 17:36:22,978 [INFO] Все файлы на месте ✓
2026-06-08 17:36:22,994 [INFO] Запуск игры...
2026-06-08 17:36:26,470 [INFO] Выход без выбора региона
2026-06-08 17:36:26,470 [INFO] Игра завершена
2026-06-08 17:36:38,576 [INFO] ==================================================
2026-06-08 17:36:38,576 [INFO] ЗАСТАВА запущена: 2026-06-08 17:36:38
2026-06-08 17:36:38,576 [INFO] Python: 3.13.2 (tags/v3.13.2:4f8bb39, Feb  4 2025, 15:23:48) [MSC v.1942 64 bit (AMD64)]
2026-06-08 17:36:38,577 [INFO] Все файлы на месте ✓
2026-06-08 17:36:38,594 [INFO] Запуск игры...
2026-06-08 17:36:41,022 [INFO] Выход без выбора региона
2026-06-08 17:36:41,022 [INFO] Игра завершена
2026-06-08 17:36:51,568 [INFO] ==================================================
2026-06-08 17:36:51,569 [INFO] ЗАСТАВА запущена: 2026-06-08 17:36:51
2026-06-08 17:36:51,569 [INFO] Python: 3.13.2 (tags/v3.13.2:4f8bb39, Feb  4 2025, 15:23:48) [MSC v.1942 64 bit (AMD64)]
2026-06-08 17:36:51,570 [INFO] Все файлы на месте ✓
2026-06-08 17:36:51,596 [INFO] Запуск игры...
2026-06-08 17:36:59,342 [INFO] Выход без выбора региона
2026-06-08 17:36:59,342 [INFO] Игра завершена
2026-06-08 17:37:10,935 [INFO] ==================================================
2026-06-08 17:37:10,935 [INFO] ЗАСТАВА запущена: 2026-06-08 17:37:10
2026-06-08 17:37:10,935 [INFO] Python: 3.13.2 (tags/v3.13.2:4f8bb39, Feb  4 2025, 15:23:48) [MSC v.1942 64 bit (AMD64)]
2026-06-08 17:37:10,936 [INFO] Все файлы на месте ✓
2026-06-08 17:37:10,965 [INFO] Запуск игры...
2026-06-08 17:37:29,778 [INFO] ==================================================
2026-06-08 17:37:29,778 [INFO] ЗАСТАВА запущена: 2026-06-08 17:37:29
2026-06-08 17:37:29,778 [INFO] Python: 3.13.2 (tags/v3.13.2:4f8bb39, Feb  4 2025, 15:23:48) [MSC v.1942 64 bit (AMD64)]
2026-06-08 17:37:29,779 [INFO] Все файлы на месте ✓
2026-06-08 17:37:29,795 [INFO] Запуск игры...
2026-06-08 17:42:41,673 [INFO] ==================================================
2026-06-08 17:42:41,673 [INFO] ЗАСТАВА запущена: 2026-06-08 17:42:41
2026-06-08 17:42:41,673 [INFO] Python: 3.13.2 (tags/v3.13.2:4f8bb39, Feb  4 2025, 15:23:48) [MSC v.1942 64 bit (AMD64)]
2026-06-08 17:42:41,675 [INFO] Все файлы на месте ✓
2026-06-08 17:42:41,711 [INFO] Запуск игры...
2026-06-08 17:42:59,028 [INFO] ==================================================
2026-06-08 17:42:59,029 [INFO] ЗАСТАВА запущена: 2026-06-08 17:42:59
2026-06-08 17:42:59,029 [INFO] Python: 3.13.2 (tags/v3.13.2:4f8bb39, Feb  4 2025, 15:23:48) [MSC v.1942 64 bit (AMD64)]
2026-06-08 17:42:59,030 [INFO] Все файлы на месте ✓
2026-06-08 17:42:59,045 [INFO] Запуск игры...
2026-06-08 17:43:03,766 [INFO] Выход без выбора региона
2026-06-08 17:43:03,766 [INFO] Игра завершена
2026-06-08 17:43:05,843 [INFO] ==================================================
2026-06-08 17:43:05,843 [INFO] ЗАСТАВА запущена: 2026-06-08 17:43:05
2026-06-08 17:43:05,844 [INFO] Python: 3.13.2 (tags/v3.13.2:4f8bb39, Feb  4 2025, 15:23:48) [MSC v.1942 64 bit (AMD64)]
2026-06-08 17:43:05,844 [INFO] Все файлы на месте ✓
2026-06-08 17:43:05,860 [INFO] Запуск игры...
2026-06-08 17:43:08,150 [INFO] Выход без выбора региона
2026-06-08 17:43:08,150 [INFO] Игра завершена
2026-06-08 17:43:09,820 [INFO] ==================================================
2026-06-08 17:43:09,820 [INFO] ЗАСТАВА запущена: 2026-06-08 17:43:09
2026-06-08 17:43:09,820 [INFO] Python: 3.13.2 (tags/v3.13.2:4f8bb39, Feb  4 2025, 15:23:48) [MSC v.1942 64 bit (AMD64)]
2026-06-08 17:43:09,821 [INFO] Все файлы на месте ✓
2026-06-08 17:43:09,836 [INFO] Запуск игры...
2026-06-08 17:43:11,390 [INFO] Выход без выбора региона
2026-06-08 17:43:11,390 [INFO] Игра завершена
2026-06-08 17:43:12,828 [INFO] ==================================================
2026-06-08 17:43:12,828 [INFO] ЗАСТАВА запущена: 2026-06-08 17:43:12
2026-06-08 17:43:12,828 [INFO] Python: 3.13.2 (tags/v3.13.2:4f8bb39, Feb  4 2025, 15:23:48) [MSC v.1942 64 bit (AMD64)]
2026-06-08 17:43:12,829 [INFO] Все файлы на месте ✓
2026-06-08 17:43:12,846 [INFO] Запуск игры...
2026-06-08 17:43:14,622 [INFO] Выход без выбора региона
2026-06-08 17:43:14,622 [INFO] Игра завершена
2026-06-08 17:43:15,849 [INFO] ==================================================
2026-06-08 17:43:15,850 [INFO] ЗАСТАВА запущена: 2026-06-08 17:43:15
2026-06-08 17:43:15,850 [INFO] Python: 3.13.2 (tags/v3.13.2:4f8bb39, Feb  4 2025, 15:23:48) [MSC v.1942 64 bit (AMD64)]
2026-06-08 17:43:15,851 [INFO] Все файлы на месте ✓
2026-06-08 17:43:15,867 [INFO] Запуск игры...
2026-06-08 17:43:26,150 [INFO] Выход без выбора региона
2026-06-08 17:43:26,150 [INFO] Игра завершена
2026-06-08 17:43:27,696 [INFO] ==================================================
2026-06-08 17:43:27,697 [INFO] ЗАСТАВА запущена: 2026-06-08 17:43:27
2026-06-08 17:43:27,697 [INFO] Python: 3.13.2 (tags/v3.13.2:4f8bb39, Feb  4 2025, 15:23:48) [MSC v.1942 64 bit (AMD64)]
2026-06-08 17:43:27,700 [INFO] Все файлы на месте ✓
2026-06-08 17:43:27,727 [INFO] Запуск игры...
2026-06-08 17:43:29,910 [INFO] Выход без выбора региона
2026-06-08 17:43:29,910 [INFO] Игра завершена
2026-06-08 17:43:31,099 [INFO] ==================================================
2026-06-08 17:43:31,099 [INFO] ЗАСТАВА запущена: 2026-06-08 17:43:31
2026-06-08 17:43:31,100 [INFO] Python: 3.13.2 (tags/v3.13.2:4f8bb39, Feb  4 2025, 15:23:48) [MSC v.1942 64 bit (AMD64)]
2026-06-08 17:43:31,101 [INFO] Все файлы на месте ✓
2026-06-08 17:43:31,116 [INFO] Запуск игры...
2026-06-08 17:43:35,310 [INFO] Выход без выбора региона
2026-06-08 17:43:35,310 [INFO] Игра завершена
2026-06-08 17:43:36,603 [INFO] ==================================================
2026-06-08 17:43:36,604 [INFO] ЗАСТАВА запущена: 2026-06-08 17:43:36
2026-06-08 17:43:36,604 [INFO] Python: 3.13.2 (tags/v3.13.2:4f8bb39, Feb  4 2025, 15:23:48) [MSC v.1942 64 bit (AMD64)]
2026-06-08 17:43:36,605 [INFO] Все файлы на месте ✓
2026-06-08 17:43:36,620 [INFO] Запуск игры...
2026-06-08 17:43:41,918 [INFO] Выход без выбора региона
2026-06-08 17:43:41,918 [INFO] Игра завершена
2026-06-08 17:43:43,466 [INFO] ==================================================
2026-06-08 17:43:43,466 [INFO] ЗАСТАВА запущена: 2026-06-08 17:43:43
2026-06-08 17:43:43,466 [INFO] Python: 3.13.2 (tags/v3.13.2:4f8bb39, Feb  4 2025, 15:23:48) [MSC v.1942 64 bit (AMD64)]
2026-06-08 17:43:43,467 [INFO] Все файлы на месте ✓
2026-06-08 17:43:43,482 [INFO] Запуск игры...
2026-06-08 17:43:45,110 [INFO] Выход без выбора региона
2026-06-08 17:43:45,110 [INFO] Игра завершена
2026-06-08 17:43:46,832 [INFO] ==================================================
2026-06-08 17:43:46,832 [INFO] ЗАСТАВА запущена: 2026-06-08 17:43:46
2026-06-08 17:43:46,832 [INFO] Python: 3.13.2 (tags/v3.13.2:4f8bb39, Feb  4 2025, 15:23:48) [MSC v.1942 64 bit (AMD64)]
2026-06-08 17:43:46,833 [INFO] Все файлы на месте ✓
2026-06-08 17:43:46,848 [INFO] Запуск игры...
2026-06-08 17:43:49,566 [INFO] Выход без выбора региона
2026-06-08 17:43:49,566 [INFO] Игра завершена
2026-06-08 17:43:51,503 [INFO] ==================================================
2026-06-08 17:43:51,503 [INFO] ЗАСТАВА запущена: 2026-06-08 17:43:51
2026-06-08 17:43:51,503 [INFO] Python: 3.13.2 (tags/v3.13.2:4f8bb39, Feb  4 2025, 15:23:48) [MSC v.1942 64 bit (AMD64)]
2026-06-08 17:43:51,505 [INFO] Все файлы на месте ✓
2026-06-08 17:43:51,520 [INFO] Запуск игры...
2026-06-08 17:43:54,510 [INFO] Выход без выбора региона
2026-06-08 17:43:54,510 [INFO] Игра завершена
2026-06-08 17:43:58,079 [INFO] ==================================================
2026-06-08 17:43:58,079 [INFO] ЗАСТАВА запущена: 2026-06-08 17:43:58
2026-06-08 17:43:58,079 [INFO] Python: 3.13.2 (tags/v3.13.2:4f8bb39, Feb  4 2025, 15:23:48) [MSC v.1942 64 bit (AMD64)]
2026-06-08 17:43:58,080 [INFO] Все файлы на месте ✓
2026-06-08 17:43:58,095 [INFO] Запуск игры...
2026-06-08 17:57:23,478 [INFO] Выбран регион: (112, 76)
2026-06-08 17:57:23,478 [INFO] Инициализация Pygame...
2026-06-08 17:57:23,484 [INFO] Создание карты...
2026-06-08 17:57:24,516 [INFO] Инициализация ресурсов...
2026-06-08 17:57:24,519 [INFO] Инициализация завершена успешно
2026-06-08 17:57:24,519 [INFO] Главный цикл запущен
2026-06-08 17:57:31,725 [INFO] Выход из главного цикла
2026-06-08 17:57:31,801 [INFO] Игра завершена
2026-06-08 17:57:34,598 [INFO] ==================================================
2026-06-08 17:57:34,598 [INFO] ЗАСТАВА запущена: 2026-06-08 17:57:34
2026-06-08 17:57:34,598 [INFO] Python: 3.13.2 (tags/v3.13.2:4f8bb39, Feb  4 2025, 15:23:48) [MSC v.1942 64 bit (AMD64)]
2026-06-08 17:57:34,600 [INFO] Все файлы на месте ✓
2026-06-08 17:57:34,618 [INFO] Запуск игры...
2026-06-08 17:57:37,730 [INFO] Выход без выбора региона
2026-06-08 17:57:37,731 [INFO] Игра завершена
2026-06-08 17:57:39,444 [INFO] ==================================================
2026-06-08 17:57:39,444 [INFO] ЗАСТАВА запущена: 2026-06-08 17:57:39
2026-06-08 17:57:39,445 [INFO] Python: 3.13.2 (tags/v3.13.2:4f8bb39, Feb  4 2025, 15:23:48) [MSC v.1942 64 bit (AMD64)]
2026-06-08 17:57:39,445 [INFO] Все файлы на месте ✓
2026-06-08 17:57:39,461 [INFO] Запуск игры...
2026-06-08 17:57:40,983 [INFO] Выход без выбора региона
2026-06-08 17:57:40,984 [INFO] Игра завершена
2026-06-08 18:01:00,122 [INFO] ==================================================
2026-06-08 18:01:00,122 [INFO] ЗАСТАВА запущена: 2026-06-08 18:01:00
2026-06-08 18:01:00,122 [INFO] Python: 3.13.2 (tags/v3.13.2:4f8bb39, Feb  4 2025, 15:23:48) [MSC v.1942 64 bit (AMD64)]
2026-06-08 18:01:00,124 [INFO] Все файлы на месте ✓
2026-06-08 18:01:00,153 [INFO] Запуск игры...
2026-06-08 18:01:02,654 [INFO] Выход без выбора региона
2026-06-08 18:01:02,654 [INFO] Игра завершена
2026-06-08 18:01:04,501 [INFO] ==================================================
2026-06-08 18:01:04,502 [INFO] ЗАСТАВА запущена: 2026-06-08 18:01:04
2026-06-08 18:01:04,502 [INFO] Python: 3.13.2 (tags/v3.13.2:4f8bb39, Feb  4 2025, 15:23:48) [MSC v.1942 64 bit (AMD64)]
2026-06-08 18:01:04,503 [INFO] Все файлы на месте ✓
2026-06-08 18:01:04,517 [INFO] Запуск игры...
2026-06-08 18:01:09,912 [INFO] Выход без выбора региона
2026-06-08 18:01:09,912 [INFO] Игра завершена
2026-06-08 18:01:11,773 [INFO] ==================================================
2026-06-08 18:01:11,773 [INFO] ЗАСТАВА запущена: 2026-06-08 18:01:11
2026-06-08 18:01:11,773 [INFO] Python: 3.13.2 (tags/v3.13.2:4f8bb39, Feb  4 2025, 15:23:48) [MSC v.1942 64 bit (AMD64)]
2026-06-08 18:01:11,775 [INFO] Все файлы на месте ✓
2026-06-08 18:01:11,789 [INFO] Запуск игры...
2026-06-08 18:01:13,422 [INFO] Выход без выбора региона
2026-06-08 18:01:13,422 [INFO] Игра завершена
2026-06-08 18:01:27,731 [INFO] ==================================================
2026-06-08 18:01:27,731 [INFO] ЗАСТАВА запущена: 2026-06-08 18:01:27
2026-06-08 18:01:27,732 [INFO] Python: 3.13.2 (tags/v3.13.2:4f8bb39, Feb  4 2025, 15:23:48) [MSC v.1942 64 bit (AMD64)]
2026-06-08 18:01:27,732 [INFO] Все файлы на месте ✓
2026-06-08 18:01:27,749 [INFO] Запуск игры...
2026-06-08 18:01:32,742 [INFO] Выход без выбора региона
2026-06-08 18:01:32,742 [INFO] Игра завершена
2026-06-08 18:03:20,491 [INFO] ==================================================
2026-06-08 18:03:20,491 [INFO] ЗАСТАВА запущена: 2026-06-08 18:03:20
2026-06-08 18:03:20,492 [INFO] Python: 3.13.2 (tags/v3.13.2:4f8bb39, Feb  4 2025, 15:23:48) [MSC v.1942 64 bit (AMD64)]
2026-06-08 18:03:20,493 [INFO] Все файлы на месте ✓
2026-06-08 18:03:20,508 [INFO] Запуск игры...
2026-06-08 18:03:36,582 [INFO] Выбран регион: (65, 56)
2026-06-08 18:03:36,583 [INFO] Инициализация Pygame...
2026-06-08 18:03:36,587 [INFO] Создание карты...
2026-06-08 18:03:37,336 [INFO] Инициализация ресурсов...
2026-06-08 18:03:37,337 [INFO] Инициализация завершена успешно
2026-06-08 18:03:37,337 [INFO] Главный цикл запущен
2026-06-08 18:04:37,133 [INFO] Выход из главного цикла
2026-06-08 18:04:37,294 [INFO] Игра завершена
2026-06-08 18:04:39,547 [INFO] ==================================================
2026-06-08 18:04:39,547 [INFO] ЗАСТАВА запущена: 2026-06-08 18:04:39
2026-06-08 18:04:39,547 [INFO] Python: 3.13.2 (tags/v3.13.2:4f8bb39, Feb  4 2025, 15:23:48) [MSC v.1942 64 bit (AMD64)]
2026-06-08 18:04:39,548 [INFO] Все файлы на месте ✓
2026-06-08 18:04:39,564 [INFO] Запуск игры...
2026-06-08 18:08:18,528 [INFO] Выход без выбора региона
2026-06-08 18:08:18,529 [INFO] Игра завершена
2026-06-08 18:10:42,690 [INFO] ==================================================
2026-06-08 18:10:42,690 [INFO] ЗАСТАВА запущена: 2026-06-08 18:10:42
2026-06-08 18:10:42,690 [INFO] Python: 3.13.2 (tags/v3.13.2:4f8bb39, Feb  4 2025, 15:23:48) [MSC v.1942 64 bit (AMD64)]
2026-06-08 18:10:42,691 [INFO] Все файлы на месте ✓
2026-06-08 18:10:42,714 [INFO] Запуск игры...
2026-06-08 18:10:57,246 [INFO] Выход без выбора региона
2026-06-08 18:10:57,247 [INFO] Игра завершена
2026-06-08 18:11:00,266 [INFO] ==================================================
2026-06-08 18:11:00,266 [INFO] ЗАСТАВА запущена: 2026-06-08 18:11:00
2026-06-08 18:11:00,267 [INFO] Python: 3.13.2 (tags/v3.13.2:4f8bb39, Feb  4 2025, 15:23:48) [MSC v.1942 64 bit (AMD64)]
2026-06-08 18:11:00,268 [INFO] Все файлы на месте ✓
2026-06-08 18:11:00,282 [INFO] Запуск игры...
2026-06-08 18:11:21,246 [INFO] Выбран регион: (57, 91)
2026-06-08 18:11:21,246 [INFO] Инициализация Pygame...
2026-06-08 18:11:21,250 [INFO] Создание карты...
2026-06-08 18:11:22,218 [INFO] Инициализация ресурсов...
2026-06-08 18:11:22,220 [INFO] Инициализация завершена успешно
2026-06-08 18:11:22,220 [INFO] Главный цикл запущен
2026-06-08 18:11:25,459 [INFO] Выход из главного цикла
2026-06-08 18:11:25,546 [INFO] Игра завершена
2026-06-08 18:11:40,190 [INFO] ==================================================
2026-06-08 18:11:40,191 [INFO] ЗАСТАВА запущена: 2026-06-08 18:11:40
2026-06-08 18:11:40,191 [INFO] Python: 3.13.2 (tags/v3.13.2:4f8bb39, Feb  4 2025, 15:23:48) [MSC v.1942 64 bit (AMD64)]
2026-06-08 18:11:40,192 [INFO] Все файлы на месте ✓
2026-06-08 18:11:40,211 [INFO] Запуск игры...
2026-06-08 18:12:51,063 [INFO] Выход без выбора региона
2026-06-08 18:12:51,063 [INFO] Игра завершена
2026-06-08 18:13:15,950 [INFO] ==================================================
2026-06-08 18:13:15,950 [INFO] ЗАСТАВА запущена: 2026-06-08 18:13:15
2026-06-08 18:13:15,950 [INFO] Python: 3.13.2 (tags/v3.13.2:4f8bb39, Feb  4 2025, 15:23:48) [MSC v.1942 64 bit (AMD64)]
2026-06-08 18:13:15,951 [INFO] Все файлы на месте ✓
2026-06-08 18:13:15,976 [INFO] Запуск игры...
2026-06-08 18:15:28,425 [INFO] ==================================================
2026-06-08 18:15:28,426 [INFO] ЗАСТАВА запущена: 2026-06-08 18:15:28
2026-06-08 18:15:28,426 [INFO] Python: 3.13.2 (tags/v3.13.2:4f8bb39, Feb  4 2025, 15:23:48) [MSC v.1942 64 bit (AMD64)]
2026-06-08 18:15:28,429 [INFO] Все файлы на месте ✓
2026-06-08 18:15:28,454 [INFO] Запуск игры...
2026-06-08 18:17:40,390 [INFO] ==================================================
2026-06-08 18:17:40,390 [INFO] ЗАСТАВА запущена: 2026-06-08 18:17:40
2026-06-08 18:17:40,390 [INFO] Python: 3.13.2 (tags/v3.13.2:4f8bb39, Feb  4 2025, 15:23:48) [MSC v.1942 64 bit (AMD64)]
2026-06-08 18:17:40,391 [INFO] Все файлы на месте ✓
2026-06-08 18:17:40,421 [INFO] Запуск игры...
2026-06-08 18:26:47,426 [INFO] Выход без выбора региона
2026-06-08 18:26:47,426 [INFO] Игра завершена
2026-06-08 18:42:20,293 [INFO] ==================================================
2026-06-08 18:42:20,294 [INFO] ЗАСТАВА запущена: 2026-06-08 18:42:20
2026-06-08 18:42:20,295 [INFO] Python: 3.13.2 (tags/v3.13.2:4f8bb39, Feb  4 2025, 15:23:48) [MSC v.1942 64 bit (AMD64)]
2026-06-08 18:42:20,296 [INFO] Все файлы на месте ✓
2026-06-08 18:42:20,336 [INFO] Запуск игры...
2026-06-08 18:42:30,060 [INFO] Выбран регион: (74, 43)
2026-06-08 18:42:30,060 [INFO] Инициализация Pygame...
2026-06-08 18:42:30,065 [INFO] Создание локальной карты...
2026-06-08 18:42:30,610 [INFO] Инициализация ресурсов...
2026-06-08 18:42:30,613 [INFO] Локальная карта создана. Биом: plains
2026-06-08 18:42:30,613 [INFO] Главный цикл запущен
2026-06-08 18:42:41,740 [INFO] Выход из главного цикла
2026-06-08 18:42:41,810 [INFO] Игра завершена
2026-06-08 18:42:44,774 [INFO] ==================================================
2026-06-08 18:42:44,774 [INFO] ЗАСТАВА запущена: 2026-06-08 18:42:44
2026-06-08 18:42:44,774 [INFO] Python: 3.13.2 (tags/v3.13.2:4f8bb39, Feb  4 2025, 15:23:48) [MSC v.1942 64 bit (AMD64)]
2026-06-08 18:42:44,775 [INFO] Все файлы на месте ✓
2026-06-08 18:42:44,790 [INFO] Запуск игры...
2026-06-08 18:42:51,171 [INFO] Выбран регион: (45, 110)
2026-06-08 18:42:51,172 [INFO] Инициализация Pygame...
2026-06-08 18:42:51,177 [INFO] Создание локальной карты...
2026-06-08 18:42:51,705 [INFO] Инициализация ресурсов...
2026-06-08 18:42:51,708 [INFO] Локальная карта создана. Биом: tundra
2026-06-08 18:42:51,708 [INFO] Главный цикл запущен
2026-06-08 18:42:59,765 [INFO] Выход из главного цикла
2026-06-08 18:42:59,842 [INFO] Игра завершена
2026-06-08 18:43:03,099 [INFO] ==================================================
2026-06-08 18:43:03,099 [INFO] ЗАСТАВА запущена: 2026-06-08 18:43:03
2026-06-08 18:43:03,099 [INFO] Python: 3.13.2 (tags/v3.13.2:4f8bb39, Feb  4 2025, 15:23:48) [MSC v.1942 64 bit (AMD64)]
2026-06-08 18:43:03,101 [INFO] Все файлы на месте ✓
2026-06-08 18:43:03,115 [INFO] Запуск игры...
2026-06-08 18:43:09,264 [INFO] Выбран регион: (80, 106)
2026-06-08 18:43:09,265 [INFO] Инициализация Pygame...
2026-06-08 18:43:09,269 [INFO] Создание локальной карты...
2026-06-08 18:43:09,975 [INFO] Инициализация ресурсов...
2026-06-08 18:43:09,976 [INFO] Локальная карта создана. Биом: taiga
2026-06-08 18:43:09,976 [INFO] Главный цикл запущен
2026-06-08 18:43:14,738 [INFO] Выход из главного цикла
2026-06-08 18:43:14,824 [INFO] Игра завершена
2026-06-08 18:43:22,729 [INFO] ==================================================
2026-06-08 18:43:22,729 [INFO] ЗАСТАВА запущена: 2026-06-08 18:43:22
2026-06-08 18:43:22,729 [INFO] Python: 3.13.2 (tags/v3.13.2:4f8bb39, Feb  4 2025, 15:23:48) [MSC v.1942 64 bit (AMD64)]
2026-06-08 18:43:22,730 [INFO] Все файлы на месте ✓
2026-06-08 18:43:22,745 [INFO] Запуск игры...
2026-06-08 18:43:28,676 [INFO] Выбран регион: (108, 48)
2026-06-08 18:43:28,677 [INFO] Инициализация Pygame...
2026-06-08 18:43:28,681 [INFO] Создание локальной карты...
2026-06-08 18:43:29,504 [INFO] Инициализация ресурсов...
2026-06-08 18:43:29,505 [INFO] Локальная карта создана. Биом: forest
2026-06-08 18:43:29,505 [INFO] Главный цикл запущен
2026-06-08 18:43:33,467 [INFO] Выход из главного цикла
2026-06-08 18:43:33,552 [INFO] Игра завершена
2026-06-08 18:43:36,296 [INFO] ==================================================
2026-06-08 18:43:36,296 [INFO] ЗАСТАВА запущена: 2026-06-08 18:43:36
2026-06-08 18:43:36,296 [INFO] Python: 3.13.2 (tags/v3.13.2:4f8bb39, Feb  4 2025, 15:23:48) [MSC v.1942 64 bit (AMD64)]
2026-06-08 18:43:36,297 [INFO] Все файлы на месте ✓
2026-06-08 18:43:36,312 [INFO] Запуск игры...
2026-06-08 18:43:45,803 [INFO] Выбран регион: (122, 109)
2026-06-08 18:43:45,803 [INFO] Инициализация Pygame...
2026-06-08 18:43:45,809 [INFO] Создание локальной карты...
2026-06-08 18:43:46,284 [INFO] Инициализация ресурсов...
2026-06-08 18:43:46,286 [INFO] Локальная карта создана. Биом: plains
2026-06-08 18:43:46,286 [INFO] Главный цикл запущен
2026-06-08 18:43:50,202 [INFO] Выход из главного цикла
2026-06-08 18:43:50,279 [INFO] Игра завершена
2026-06-08 18:46:13,487 [INFO] ==================================================
2026-06-08 18:46:13,487 [INFO] ЗАСТАВА запущена: 2026-06-08 18:46:13
2026-06-08 18:46:13,487 [INFO] Python: 3.13.2 (tags/v3.13.2:4f8bb39, Feb  4 2025, 15:23:48) [MSC v.1942 64 bit (AMD64)]
2026-06-08 18:46:13,488 [INFO] Все файлы на месте ✓
2026-06-08 18:46:13,503 [INFO] Запуск игры...
2026-06-08 18:46:26,620 [INFO] Выбран регион: (86, 31)
2026-06-08 18:46:26,620 [INFO] Инициализация Pygame...
2026-06-08 18:46:26,626 [INFO] Создание локальной карты...
2026-06-08 18:46:27,319 [INFO] Инициализация ресурсов...
2026-06-08 18:46:27,321 [INFO] Локальная карта создана. Биом: steppe
2026-06-08 18:46:27,322 [INFO] Главный цикл запущен
2026-06-08 18:46:41,686 [INFO] Выход из главного цикла
2026-06-08 18:46:41,762 [INFO] Игра завершена
2026-06-08 18:53:45,912 [INFO] ==================================================
2026-06-08 18:53:45,913 [INFO] ЗАСТАВА запущена: 2026-06-08 18:53:45
2026-06-08 18:53:45,913 [INFO] Python: 3.13.2 (tags/v3.13.2:4f8bb39, Feb  4 2025, 15:23:48) [MSC v.1942 64 bit (AMD64)]
2026-06-08 18:53:45,914 [INFO] Все файлы на месте ✓
2026-06-08 18:53:45,930 [INFO] Запуск игры...
2026-06-08 18:53:58,649 [INFO] Выбран регион: (106, 73)
2026-06-08 18:53:58,650 [INFO] Инициализация Pygame...
2026-06-08 18:53:58,655 [INFO] Создание локальной карты...
2026-06-08 18:53:59,397 [INFO] Инициализация ресурсов...
2026-06-08 18:53:59,399 [INFO] Локальная карта создана. Биом: forest
2026-06-08 18:53:59,399 [INFO] Главный цикл запущен
2026-06-08 18:54:09,215 [INFO] Выход из главного цикла
2026-06-08 18:54:09,309 [INFO] Игра завершена
2026-06-08 18:54:25,990 [INFO] ==================================================
2026-06-08 18:54:25,990 [INFO] ЗАСТАВА запущена: 2026-06-08 18:54:25
2026-06-08 18:54:25,990 [INFO] Python: 3.13.2 (tags/v3.13.2:4f8bb39, Feb  4 2025, 15:23:48) [MSC v.1942 64 bit (AMD64)]
2026-06-08 18:54:25,991 [INFO] Все файлы на месте ✓
2026-06-08 18:54:26,007 [INFO] Запуск игры...
2026-06-08 18:54:30,387 [INFO] Выбран регион: (114, 53)
2026-06-08 18:54:30,387 [INFO] Инициализация Pygame...
2026-06-08 18:54:30,392 [INFO] Создание локальной карты...
2026-06-08 18:54:30,943 [INFO] Инициализация ресурсов...
2026-06-08 18:54:30,944 [INFO] Локальная карта создана. Биом: forest
2026-06-08 18:54:30,944 [INFO] Главный цикл запущен
2026-06-08 18:54:33,081 [INFO] Генерация новой карты
2026-06-08 18:54:35,738 [INFO] Генерация новой карты
2026-06-08 18:54:37,368 [INFO] Генерация новой карты
2026-06-08 18:54:38,828 [INFO] Генерация новой карты
2026-06-08 18:54:40,110 [INFO] Генерация новой карты
2026-06-08 18:54:42,611 [INFO] Выход из главного цикла
2026-06-08 18:54:42,693 [INFO] Игра завершена
2026-06-08 18:55:47,014 [INFO] ==================================================
2026-06-08 18:55:47,014 [INFO] ЗАСТАВА запущена: 2026-06-08 18:55:47
2026-06-08 18:55:47,015 [INFO] Python: 3.13.2 (tags/v3.13.2:4f8bb39, Feb  4 2025, 15:23:48) [MSC v.1942 64 bit (AMD64)]
2026-06-08 18:55:47,015 [INFO] Все файлы на месте ✓
2026-06-08 18:55:47,031 [INFO] Запуск игры...
2026-06-08 18:55:52,454 [INFO] Выбран регион: (88, 91)
2026-06-08 18:55:52,454 [INFO] Инициализация Pygame...
2026-06-08 18:55:52,459 [INFO] Создание локальной карты...
2026-06-08 18:55:53,190 [INFO] Инициализация ресурсов...
2026-06-08 18:55:53,191 [INFO] Локальная карта создана. Биом: steppe
2026-06-08 18:55:53,192 [INFO] Главный цикл запущен
2026-06-08 18:55:56,294 [INFO] Выход из главного цикла
2026-06-08 18:55:56,450 [INFO] Игра завершена
2026-06-08 18:55:58,354 [INFO] ==================================================
2026-06-08 18:55:58,355 [INFO] ЗАСТАВА запущена: 2026-06-08 18:55:58
2026-06-08 18:55:58,355 [INFO] Python: 3.13.2 (tags/v3.13.2:4f8bb39, Feb  4 2025, 15:23:48) [MSC v.1942 64 bit (AMD64)]
2026-06-08 18:55:58,356 [INFO] Все файлы на месте ✓
2026-06-08 18:55:58,371 [INFO] Запуск игры...
2026-06-08 18:56:03,219 [INFO] Выбран регион: (91, 72)
2026-06-08 18:56:03,219 [INFO] Инициализация Pygame...
2026-06-08 18:56:03,226 [INFO] Создание локальной карты...
2026-06-08 18:56:03,953 [INFO] Инициализация ресурсов...
2026-06-08 18:56:03,955 [INFO] Локальная карта создана. Биом: forest
2026-06-08 18:56:03,955 [INFO] Главный цикл запущен
2026-06-08 18:56:06,848 [INFO] Выход из главного цикла
2026-06-08 18:56:06,915 [INFO] Игра завершена
2026-06-08 18:57:43,759 [INFO] ==================================================
2026-06-08 18:57:43,760 [INFO] ЗАСТАВА запущена: 2026-06-08 18:57:43
2026-06-08 18:57:43,760 [INFO] Python: 3.13.2 (tags/v3.13.2:4f8bb39, Feb  4 2025, 15:23:48) [MSC v.1942 64 bit (AMD64)]
2026-06-08 18:57:43,761 [INFO] Все файлы на месте ✓
2026-06-08 18:57:43,778 [INFO] Запуск игры...
2026-06-08 18:57:55,323 [INFO] Выбран регион: (112, 9)
2026-06-08 18:57:55,323 [INFO] Инициализация Pygame...
2026-06-08 18:57:55,329 [INFO] Создание локальной карты...
2026-06-08 18:57:56,040 [INFO] Инициализация ресурсов...
2026-06-08 18:57:56,042 [INFO] Локальная карта создана. Биом: plains
2026-06-08 18:57:56,042 [INFO] Главный цикл запущен
2026-06-08 18:57:59,757 [INFO] Выход из главного цикла
2026-06-08 18:57:59,848 [INFO] Игра завершена
